<?xml version="1.0" encoding="UTF-8"?>
<robot generator="Robot 7.2.2 (Python 3.13.2 on win32)" generated="2025-02-23T19:50:16.242115" rpa="false" schemaversion="5">
<suite id="s1" name="Robot-google" source="C:\Users\dens\Desktop\Robot-google">
<suite id="s1-s1" name="Tests" source="C:\Users\dens\Desktop\Robot-google\tests">
<suite id="s1-s1-s1" name="Create new course" source="C:\Users\dens\Desktop\Robot-google\tests\Create_new_course.robot">
<test id="s1-s1-s1-t1" name="Create course" line="10">
<kw name="Open Browser And Maximize" owner="web" type="SETUP">
<kw name="Open Browser" owner="SeleniumLibrary">
<msg time="2025-02-23T19:50:16.403317" level="INFO">Opening browser 'gc' to base url 'https://teach.stepik.org/ru'.</msg>
<arg>${site_url}</arg>
<arg>${browser}</arg>
<doc>Opens a new browser instance to the optional ``url``.</doc>
<status status="PASS" start="2025-02-23T19:50:16.402901" elapsed="3.291412"/>
</kw>
<kw name="Maximize Browser Window" owner="SeleniumLibrary">
<doc>Maximizes current browser window.</doc>
<status status="PASS" start="2025-02-23T19:50:19.694559" elapsed="0.116994"/>
</kw>
<arg>site_url=https://teach.stepik.org/ru</arg>
<arg>browser=gc</arg>
<doc>open browser and maximize</doc>
<status status="PASS" start="2025-02-23T19:50:16.402104" elapsed="3.409632"/>
</kw>
<kw name="To Course Creating Landing" owner="stepik">
<kw name="Wait Until Element Is Visible" owner="SeleniumLibrary">
<arg>locator=${TO_COURSE_CREATING_BTN}</arg>
<arg>timeout=10s</arg>
<doc>Waits until the element ``locator`` is visible.</doc>
<status status="PASS" start="2025-02-23T19:50:19.812508" elapsed="0.145002"/>
</kw>
<kw name="Click Element" owner="SeleniumLibrary">
<msg time="2025-02-23T19:50:19.958064" level="INFO">Clicking element '(//a[@class="tn-atom"])[1]'.</msg>
<arg>locator=${TO_COURSE_CREATING_BTN}</arg>
<doc>Click the element identified by ``locator``.</doc>
<status status="PASS" start="2025-02-23T19:50:19.957715" elapsed="0.075972"/>
</kw>
<doc>Go to course landing</doc>
<status status="PASS" start="2025-02-23T19:50:19.812133" elapsed="0.221727"/>
</kw>
<kw name="To Free Course Create" owner="stepik">
<kw name="Wait Until Element Is Visible" owner="SeleniumLibrary">
<arg>${TO_CREATE_FREE_COURSE_BTN}</arg>
<arg>timeout=10s</arg>
<doc>Waits until the element ``locator`` is visible.</doc>
<status status="PASS" start="2025-02-23T19:50:20.034551" elapsed="0.452009"/>
</kw>
<kw name="Click Element" owner="SeleniumLibrary">
<msg time="2025-02-23T19:50:20.487107" level="INFO">Clicking element '//a[text()="Создать открытый курс"]'.</msg>
<arg>${TO_CREATE_FREE_COURSE_BTN}</arg>
<doc>Click the element identified by ``locator``.</doc>
<status status="PASS" start="2025-02-23T19:50:20.486755" elapsed="3.043772"/>
</kw>
<doc>go to course</doc>
<status status="PASS" start="2025-02-23T19:50:20.034162" elapsed="3.496545"/>
</kw>
<kw name="To Sing Form" owner="stepik">
<kw name="Wait Until Element Is Visible" owner="SeleniumLibrary">
<arg>locator=${TO_SING_FORM_BTN}</arg>
<arg>timeout=10s</arg>
<doc>Waits until the element ``locator`` is visible.</doc>
<status status="PASS" start="2025-02-23T19:50:23.531477" elapsed="0.526311"/>
</kw>
<doc>waiting for sing in button</doc>
<status status="PASS" start="2025-02-23T19:50:23.531106" elapsed="0.526830"/>
</kw>
<kw name="Closing Browser" owner="web" type="TEARDOWN">
<kw name="Close Browser" owner="SeleniumLibrary">
<doc>Closes the current browser.</doc>
<status status="PASS" start="2025-02-23T19:50:24.058660" elapsed="2.293971"/>
</kw>
<doc>close browser</doc>
<status status="PASS" start="2025-02-23T19:50:24.058287" elapsed="2.294662"/>
</kw>
<doc>Creating new course</doc>
<status status="PASS" start="2025-02-23T19:50:16.401139" elapsed="9.952103"/>
</test>
<doc>Creating new course</doc>
<status status="PASS" start="2025-02-23T19:50:16.259338" elapsed="10.095700"/>
</suite>
<status status="PASS" start="2025-02-23T19:50:16.257661" elapsed="10.098974"/>
</suite>
<status status="PASS" start="2025-02-23T19:50:16.244713" elapsed="10.112817"/>
</suite>
<statistics>
<total>
<stat pass="1" fail="0" skip="0">All Tests</stat>
</total>
<tag>
</tag>
<suite>
<stat name="Robot-google" id="s1" pass="1" fail="0" skip="0">Robot-google</stat>
<stat name="Tests" id="s1-s1" pass="1" fail="0" skip="0">Robot-google.Tests</stat>
<stat name="Create new course" id="s1-s1-s1" pass="1" fail="0" skip="0">Robot-google.Tests.Create new course</stat>
</suite>
</statistics>
<errors>
</errors>
</robot>
